  [1m[35m (69.7ms)[0m  [1m[35mCREATE TABLE "schema_migrations" ("version" character varying NOT NULL PRIMARY KEY)[0m
  [1m[35m (16.7ms)[0m  [1m[35mCREATE TABLE "ar_internal_metadata" ("key" character varying NOT NULL PRIMARY KEY, "value" character varying, "created_at" timestamp NOT NULL, "updated_at" timestamp NOT NULL)[0m
  [1m[35m (0.5ms)[0m  [1m[34mSELECT pg_try_advisory_lock(3827160985885456905)[0m
  [1m[35m (1.1ms)[0m  [1m[34mSELECT "schema_migrations"."version" FROM "schema_migrations" ORDER BY "schema_migrations"."version" ASC[0m
Migrating to CreateUsers (20180409164224)
  [1m[35m (0.3ms)[0m  [1m[35mBEGIN[0m
  [1m[35m (16.2ms)[0m  [1m[35mCREATE TABLE "users" ("id" bigserial primary key, "username" character varying, "password_digest" character varying, "email" character varying, "name" character varying, "auth_token" character varying, "created_at" timestamp NOT NULL, "updated_at" timestamp NOT NULL)[0m
  [1m[35mSQL (0.9ms)[0m  [1m[32mINSERT INTO "schema_migrations" ("version") VALUES ($1) RETURNING "version"[0m  [["version", "20180409164224"]]
  [1m[35m (9.0ms)[0m  [1m[35mCOMMIT[0m
  [1m[36mActiveRecord::InternalMetadata Load (0.5ms)[0m  [1m[34mSELECT  "ar_internal_metadata".* FROM "ar_internal_metadata" WHERE "ar_internal_metadata"."key" = $1 LIMIT $2[0m  [["key", "environment"], ["LIMIT", 1]]
  [1m[35m (0.2ms)[0m  [1m[35mBEGIN[0m
  [1m[35mSQL (0.7ms)[0m  [1m[32mINSERT INTO "ar_internal_metadata" ("key", "value", "created_at", "updated_at") VALUES ($1, $2, $3, $4) RETURNING "key"[0m  [["key", "environment"], ["value", "development"], ["created_at", "2018-04-09 17:01:28.275949"], ["updated_at", "2018-04-09 17:01:28.275949"]]
  [1m[35m (3.6ms)[0m  [1m[35mCOMMIT[0m
  [1m[35m (1.0ms)[0m  [1m[34mSELECT pg_advisory_unlock(3827160985885456905)[0m
  [1m[35m (0.5ms)[0m  [1m[34mSELECT "schema_migrations"."version" FROM "schema_migrations" ORDER BY "schema_migrations"."version" ASC[0m
Started POST "/users" for 186.151.63.221 at 2018-04-09 17:49:26 +0000
  [1m[35m (1.0ms)[0m  [1m[34mSELECT "schema_migrations"."version" FROM "schema_migrations" ORDER BY "schema_migrations"."version" ASC[0m
Processing by UsersController#create as */*
  Parameters: {"user"=>{"username"=>"test0001", "password"=>"[FILTERED]", "name"=>"John"}}
  [1m[35m (0.4ms)[0m  [1m[35mBEGIN[0m
  [1m[36mUser Exists (8.4ms)[0m  [1m[34mSELECT  1 AS one FROM "users" WHERE "users"."username" = $1 LIMIT $2[0m  [["username", "test0001"], ["LIMIT", 1]]
  [1m[35mSQL (0.9ms)[0m  [1m[32mINSERT INTO "users" ("username", "password_digest", "name", "auth_token", "created_at", "updated_at") VALUES ($1, $2, $3, $4, $5, $6) RETURNING "id"[0m  [["username", "test0001"], ["password_digest", "$2a$10$T9gJ803GJa.1mPTcOUALZOKA0lBf0MoL.AoPoWcJ4Yj.9/Ff9phKe"], ["name", "John"], ["auth_token", "Kh8YQdDp4kAko6qkXogSpNJm"], ["created_at", "2018-04-09 17:49:27.365802"], ["updated_at", "2018-04-09 17:49:27.365802"]]
  [1m[35m (3.5ms)[0m  [1m[35mCOMMIT[0m
Completed 200 OK in 107ms (Views: 0.4ms | ActiveRecord: 19.0ms)


Started POST "/users" for 186.151.63.221 at 2018-04-09 18:01:33 +0000
  [1m[35m (1.0ms)[0m  [1m[34mSELECT "schema_migrations"."version" FROM "schema_migrations" ORDER BY "schema_migrations"."version" ASC[0m
Processing by UsersController#create as */*
  Parameters: {"users"=>{"username"=>"john_hardesky", "password"=>"[FILTERED]", "name"=>"black Cat"}, "user"=>{}}
Completed 400 Bad Request in 1ms (ActiveRecord: 3.3ms)


  
ActionController::ParameterMissing (param is missing or the value is empty: user):
  
app/controllers/users_controller.rb:17:in `user_params'
app/controllers/users_controller.rb:5:in `create'
Started POST "/users" for 186.151.63.221 at 2018-04-09 18:02:22 +0000
Error occurred while parsing request parameters.
Contents:

{
	"users": {
		"username": "john_hardesky",
		"password": "pass123@$",
		"email": "test_email@nasa.gov"
		"name": "black Cat"
	}
}
  
ActionDispatch::Http::Parameters::ParseError (743: unexpected token at '{
	"users": {
		"username": "john_hardesky",
		"password": "pass123@$",
		"email": "test_email@nasa.gov"
		"name": "black Cat"
	}
}'):
  
actionpack (5.1.6) lib/action_dispatch/http/parameters.rb:115:in `rescue in parse_formatted_parameters'
actionpack (5.1.6) lib/action_dispatch/http/parameters.rb:109:in `parse_formatted_parameters'
actionpack (5.1.6) lib/action_dispatch/http/request.rb:361:in `block in POST'
rack (2.0.4) lib/rack/request.rb:57:in `fetch'
rack (2.0.4) lib/rack/request.rb:57:in `fetch_header'
actionpack (5.1.6) lib/action_dispatch/http/request.rb:360:in `POST'
actionpack (5.1.6) lib/action_controller/metal/params_wrapper.rb:286:in `_wrapper_enabled?'
actionpack (5.1.6) lib/action_controller/metal/params_wrapper.rb:235:in `process_action'
activerecord (5.1.6) lib/active_record/railties/controller_runtime.rb:22:in `process_action'
actionpack (5.1.6) lib/abstract_controller/base.rb:124:in `process'
actionpack (5.1.6) lib/action_controller/metal.rb:189:in `dispatch'
actionpack (5.1.6) lib/action_controller/metal.rb:253:in `dispatch'
actionpack (5.1.6) lib/action_dispatch/routing/route_set.rb:49:in `dispatch'
actionpack (5.1.6) lib/action_dispatch/routing/route_set.rb:31:in `serve'
actionpack (5.1.6) lib/action_dispatch/journey/router.rb:50:in `block in serve'
actionpack (5.1.6) lib/action_dispatch/journey/router.rb:33:in `each'
actionpack (5.1.6) lib/action_dispatch/journey/router.rb:33:in `serve'
actionpack (5.1.6) lib/action_dispatch/routing/route_set.rb:844:in `call'
rack (2.0.4) lib/rack/etag.rb:25:in `call'
rack (2.0.4) lib/rack/conditional_get.rb:38:in `call'
rack (2.0.4) lib/rack/head.rb:12:in `call'
activerecord (5.1.6) lib/active_record/migration.rb:556:in `call'
actionpack (5.1.6) lib/action_dispatch/middleware/callbacks.rb:26:in `block in call'
activesupport (5.1.6) lib/active_support/callbacks.rb:97:in `run_callbacks'
actionpack (5.1.6) lib/action_dispatch/middleware/callbacks.rb:24:in `call'
actionpack (5.1.6) lib/action_dispatch/middleware/executor.rb:12:in `call'
actionpack (5.1.6) lib/action_dispatch/middleware/debug_exceptions.rb:59:in `call'
actionpack (5.1.6) lib/action_dispatch/middleware/show_exceptions.rb:31:in `call'
railties (5.1.6) lib/rails/rack/logger.rb:36:in `call_app'
railties (5.1.6) lib/rails/rack/logger.rb:24:in `block in call'
activesupport (5.1.6) lib/active_support/tagged_logging.rb:69:in `block in tagged'
activesupport (5.1.6) lib/active_support/tagged_logging.rb:26:in `tagged'
activesupport (5.1.6) lib/active_support/tagged_logging.rb:69:in `tagged'
railties (5.1.6) lib/rails/rack/logger.rb:24:in `call'
actionpack (5.1.6) lib/action_dispatch/middleware/remote_ip.rb:79:in `call'
actionpack (5.1.6) lib/action_dispatch/middleware/request_id.rb:25:in `call'
rack (2.0.4) lib/rack/runtime.rb:22:in `call'
activesupport (5.1.6) lib/active_support/cache/strategy/local_cache_middleware.rb:27:in `call'
actionpack (5.1.6) lib/action_dispatch/middleware/executor.rb:12:in `call'
actionpack (5.1.6) lib/action_dispatch/middleware/static.rb:125:in `call'
rack (2.0.4) lib/rack/sendfile.rb:111:in `call'
railties (5.1.6) lib/rails/engine.rb:522:in `call'
puma (3.11.3) lib/puma/configuration.rb:225:in `call'
puma (3.11.3) lib/puma/server.rb:624:in `handle_request'
puma (3.11.3) lib/puma/server.rb:438:in `process_client'
puma (3.11.3) lib/puma/server.rb:302:in `block in run'
puma (3.11.3) lib/puma/thread_pool.rb:120:in `block in spawn_thread'
Started POST "/users" for 186.151.63.221 at 2018-04-09 18:02:24 +0000
Processing by UsersController#create as */*
  Parameters: {"users"=>{"username"=>"john_hardesky", "password"=>"[FILTERED]", "email"=>"test_email@nasa.gov", "name"=>"black Cat"}, "user"=>{}}
Completed 400 Bad Request in 1ms (ActiveRecord: 0.0ms)


  
ActionController::ParameterMissing (param is missing or the value is empty: user):
  
app/controllers/users_controller.rb:17:in `user_params'
app/controllers/users_controller.rb:5:in `create'
Started POST "/users" for 186.151.63.221 at 2018-04-09 18:02:36 +0000
Processing by UsersController#create as */*
  Parameters: {"users"=>{"username"=>"john_hardesky", "password"=>"[FILTERED]", "email"=>"test_email@nasa.gov", "name"=>"black Cat"}, "user"=>{}}
Completed 400 Bad Request in 0ms (ActiveRecord: 0.0ms)


  
ActionController::ParameterMissing (param is missing or the value is empty: user):
  
app/controllers/users_controller.rb:17:in `user_params'
app/controllers/users_controller.rb:5:in `create'
Started POST "/users" for 186.151.63.221 at 2018-04-09 18:03:11 +0000
Processing by UsersController#create as */*
  Parameters: {"users"=>{"username"=>"john_hardesky_new", "password"=>"[FILTERED]", "email"=>"test_email@nasa.gov", "name"=>"BCat"}, "user"=>{}}
Completed 400 Bad Request in 1ms (ActiveRecord: 0.0ms)


  
ActionController::ParameterMissing (param is missing or the value is empty: user):
  
app/controllers/users_controller.rb:17:in `user_params'
app/controllers/users_controller.rb:5:in `create'
Started POST "/users" for 186.151.63.221 at 2018-04-09 18:03:37 +0000
Processing by UsersController#create as */*
  Parameters: {"user"=>{"username"=>"john_hardesky", "password"=>"[FILTERED]", "email"=>"test_email@nasa.gov", "name"=>"BCat"}}
  [1m[35m (0.4ms)[0m  [1m[35mBEGIN[0m
  [1m[36mUser Exists (1.2ms)[0m  [1m[34mSELECT  1 AS one FROM "users" WHERE "users"."username" = $1 LIMIT $2[0m  [["username", "john_hardesky"], ["LIMIT", 1]]
  [1m[35mSQL (0.7ms)[0m  [1m[32mINSERT INTO "users" ("username", "password_digest", "email", "name", "auth_token", "created_at", "updated_at") VALUES ($1, $2, $3, $4, $5, $6, $7) RETURNING "id"[0m  [["username", "john_hardesky"], ["password_digest", "$2a$10$bCYxQQ0sA31ikESjJotLX.Mu8l/rg0U4b30q52fZqvd.XfWnKBu7i"], ["email", "test_email@nasa.gov"], ["name", "BCat"], ["auth_token", "1j4LA84aDdyPN3ecKaUtiGJ5"], ["created_at", "2018-04-09 18:03:38.055659"], ["updated_at", "2018-04-09 18:03:38.055659"]]
  [1m[35m (4.2ms)[0m  [1m[35mCOMMIT[0m
Completed 200 OK in 104ms (Views: 0.4ms | ActiveRecord: 10.6ms)


Started POST "/login" for 186.151.63.221 at 2018-04-09 18:13:40 +0000
Processing by SessionsController#create as */*
  Parameters: {"username"=>"john_hardesky", "password"=>"[FILTERED]", "session"=>{"username"=>"john_hardesky", "password"=>"[FILTERED]"}}
  [1m[36mUser Load (1.0ms)[0m  [1m[34mSELECT  "users".* FROM "users" WHERE "users"."username" = $1 LIMIT $2[0m  [["username", "john_hardesky"], ["LIMIT", 1]]
  [1m[35m (29.4ms)[0m  [1m[35mBEGIN[0m
  [1m[36mUser Exists (1.1ms)[0m  [1m[34mSELECT  1 AS one FROM "users" WHERE "users"."username" = $1 AND ("users"."id" != $2) LIMIT $3[0m  [["username", "john_hardesky"], ["id", 2], ["LIMIT", 1]]
  [1m[35mSQL (1.1ms)[0m  [1m[33mUPDATE "users" SET "auth_token" = $1, "updated_at" = $2 WHERE "users"."id" = $3[0m  [["auth_token", "icTh3EcTFWyyXJH4NpckkwAP"], ["updated_at", "2018-04-09 18:13:41.061627"], ["id", 2]]
  [1m[35m (3.8ms)[0m  [1m[35mCOMMIT[0m
Completed 200 OK in 133ms (Views: 0.8ms | ActiveRecord: 37.1ms)


